<?xml version="1.0" encoding="UTF-8"?>
<testng-results ignored="6" total="10" passed="4" failed="0" skipped="0">
  <reporter-output>
    <line>
      <![CDATA[<a href='\Wrap Portal-2\Screenshot\AddUser-05_05_2021_06_02_12.png'><img src='\Wrap Portal-2\Screenshot\AddUser-05_05_2021_06_02_12.png' height='100' width='100'/></a>]]>
    </line>
    <line>
      <![CDATA[<a href='\Wrap Portal-2\Screenshot\Add Carrier-05_05_2021_06_03_19.png'><img src='\Wrap Portal-2\Screenshot\Add Carrier-05_05_2021_06_03_19.png' height='100' width='100'/></a>]]>
    </line>
    <line>
      <![CDATA[<a href='\Wrap Portal-2\Screenshot\Add Trade-05_05_2021_06_03_57.png'><img src='\Wrap Portal-2\Screenshot\Add Trade-05_05_2021_06_03_57.png' height='100' width='100'/></a>]]>
    </line>
    <line>
      <![CDATA[<a href='\Wrap Portal-2\Screenshot\Add Work Class-05_05_2021_06_04_41.png'><img src='\Wrap Portal-2\Screenshot\Add Work Class-05_05_2021_06_04_41.png' height='100' width='100'/></a>]]>
    </line>
  </reporter-output>
  <suite started-at="2021-05-05T06:00:22 IST" name="Suite" finished-at="2021-05-05T06:04:54 IST" duration-ms="271729">
    <groups>
    </groups>
    <test started-at="2021-05-05T06:00:22 IST" name="Wrap Portal" finished-at="2021-05-05T06:04:54 IST" duration-ms="271729">
      <class name="TestScript.AddUserTC">
        <test-method is-config="true" signature="reportGenerate()[pri:0, instance:TestScript.AddUserTC@3012646b]" started-at="2021-05-05T06:00:21 IST" name="reportGenerate" finished-at="2021-05-05T06:00:22 IST" duration-ms="865" status="PASS">
          <reporter-output>
          </reporter-output>
        </test-method> <!-- reportGenerate -->
        <test-method is-config="true" signature="launchBrowser(java.lang.String)[pri:0, instance:TestScript.AddUserTC@3012646b]" started-at="2021-05-05T06:00:22 IST" name="launchBrowser" finished-at="2021-05-05T06:01:04 IST" duration-ms="41218" status="PASS">
          <params>
            <param index="0">
              <value>
                <![CDATA[chrome]]>
              </value>
            </param>
          </params>
          <reporter-output>
          </reporter-output>
        </test-method> <!-- launchBrowser -->
        <test-method is-config="true" signature="loginToApplication(java.lang.reflect.Method)[pri:0, instance:TestScript.AddUserTC@3012646b]" started-at="2021-05-05T06:01:04 IST" name="loginToApplication" finished-at="2021-05-05T06:01:04 IST" duration-ms="18" status="PASS">
          <params>
            <param index="0">
              <value>
                <![CDATA[public void TestScript.AddUserTC.selectUserModule() throws java.lang.Throwable]]>
              </value>
            </param>
          </params>
          <reporter-output>
          </reporter-output>
        </test-method> <!-- loginToApplication -->
        <test-method signature="selectUserModule()[pri:0, instance:TestScript.AddUserTC@3012646b]" started-at="2021-05-05T06:01:04 IST" name="selectUserModule" finished-at="2021-05-05T06:02:14 IST" duration-ms="70385" status="PASS">
          <reporter-output>
            <line>
              <![CDATA[<a href='\Wrap Portal-2\Screenshot\AddUser-05_05_2021_06_02_12.png'><img src='\Wrap Portal-2\Screenshot\AddUser-05_05_2021_06_02_12.png' height='100' width='100'/></a>]]>
            </line>
          </reporter-output>
        </test-method> <!-- selectUserModule -->
        <test-method is-config="true" signature="logoutFromApplication(org.testng.ITestResult)[pri:0, instance:TestScript.AddUserTC@3012646b]" started-at="2021-05-05T06:02:14 IST" name="logoutFromApplication" finished-at="2021-05-05T06:02:14 IST" duration-ms="6" status="PASS">
          <params>
            <param index="0">
              <value>
                <![CDATA[[TestResult name=selectUserModule status=SUCCESS method=AddUserTC.selectUserModule()[pri:0, instance:TestScript.AddUserTC@3012646b] output=<a href='\Wrap Portal-2\Screenshot\AddUser-05_05_2021_06_02_12.png'><img src='\Wrap Portal-2\Screenshot\AddUser-05_05_2021_06_02_12.png' height='100' width='100'/></a>]]]>
              </value>
            </param>
          </params>
          <reporter-output>
          </reporter-output>
        </test-method> <!-- logoutFromApplication -->
        <test-method is-config="true" signature="closeBrowser()[pri:0, instance:TestScript.AddUserTC@3012646b]" started-at="2021-05-05T06:02:14 IST" name="closeBrowser" finished-at="2021-05-05T06:02:21 IST" duration-ms="6892" status="PASS">
          <reporter-output>
          </reporter-output>
        </test-method> <!-- closeBrowser -->
        <test-method is-config="true" signature="reportEnd()[pri:0, instance:TestScript.AddUserTC@3012646b]" started-at="2021-05-05T06:04:54 IST" name="reportEnd" finished-at="2021-05-05T06:04:55 IST" duration-ms="1369" status="PASS">
          <reporter-output>
          </reporter-output>
        </test-method> <!-- reportEnd -->
      </class> <!-- TestScript.AddUserTC -->
      <class name="TestScript.AddTradeTC">
        <test-method is-config="true" signature="launchBrowser(java.lang.String)[pri:0, instance:TestScript.AddTradeTC@229c6181]" started-at="2021-05-05T06:03:26 IST" name="launchBrowser" finished-at="2021-05-05T06:03:38 IST" duration-ms="12091" status="PASS">
          <params>
            <param index="0">
              <value>
                <![CDATA[chrome]]>
              </value>
            </param>
          </params>
          <reporter-output>
          </reporter-output>
        </test-method> <!-- launchBrowser -->
        <test-method is-config="true" signature="loginToApplication(java.lang.reflect.Method)[pri:0, instance:TestScript.AddTradeTC@229c6181]" started-at="2021-05-05T06:03:38 IST" name="loginToApplication" finished-at="2021-05-05T06:03:38 IST" duration-ms="1" status="PASS">
          <params>
            <param index="0">
              <value>
                <![CDATA[public void TestScript.AddTradeTC.addTrade() throws java.lang.Throwable]]>
              </value>
            </param>
          </params>
          <reporter-output>
          </reporter-output>
        </test-method> <!-- loginToApplication -->
        <test-method signature="addTrade()[pri:0, instance:TestScript.AddTradeTC@229c6181]" started-at="2021-05-05T06:03:38 IST" name="addTrade" finished-at="2021-05-05T06:04:01 IST" duration-ms="22849" status="PASS">
          <reporter-output>
            <line>
              <![CDATA[<a href='\Wrap Portal-2\Screenshot\Add Trade-05_05_2021_06_03_57.png'><img src='\Wrap Portal-2\Screenshot\Add Trade-05_05_2021_06_03_57.png' height='100' width='100'/></a>]]>
            </line>
          </reporter-output>
        </test-method> <!-- addTrade -->
        <test-method is-config="true" signature="logoutFromApplication(org.testng.ITestResult)[pri:0, instance:TestScript.AddTradeTC@229c6181]" started-at="2021-05-05T06:04:01 IST" name="logoutFromApplication" finished-at="2021-05-05T06:04:01 IST" duration-ms="5" status="PASS">
          <params>
            <param index="0">
              <value>
                <![CDATA[[TestResult name=addTrade status=SUCCESS method=AddTradeTC.addTrade()[pri:0, instance:TestScript.AddTradeTC@229c6181] output=<a href='\Wrap Portal-2\Screenshot\Add Trade-05_05_2021_06_03_57.png'><img src='\Wrap Portal-2\Screenshot\Add Trade-05_05_2021_06_03_57.png' height='100' width='100'/></a>]]]>
              </value>
            </param>
          </params>
          <reporter-output>
          </reporter-output>
        </test-method> <!-- logoutFromApplication -->
        <test-method is-config="true" signature="closeBrowser()[pri:0, instance:TestScript.AddTradeTC@229c6181]" started-at="2021-05-05T06:04:01 IST" name="closeBrowser" finished-at="2021-05-05T06:04:07 IST" duration-ms="5962" status="PASS">
          <reporter-output>
          </reporter-output>
        </test-method> <!-- closeBrowser -->
      </class> <!-- TestScript.AddTradeTC -->
      <class name="TestScript.AddWorkClassTC">
        <test-method is-config="true" signature="launchBrowser(java.lang.String)[pri:0, instance:TestScript.AddWorkClassTC@4686afc2]" started-at="2021-05-05T06:04:07 IST" name="launchBrowser" finished-at="2021-05-05T06:04:20 IST" duration-ms="13302" status="PASS">
          <params>
            <param index="0">
              <value>
                <![CDATA[chrome]]>
              </value>
            </param>
          </params>
          <reporter-output>
          </reporter-output>
        </test-method> <!-- launchBrowser -->
        <test-method is-config="true" signature="loginToApplication(java.lang.reflect.Method)[pri:0, instance:TestScript.AddWorkClassTC@4686afc2]" started-at="2021-05-05T06:04:20 IST" name="loginToApplication" finished-at="2021-05-05T06:04:20 IST" duration-ms="1" status="PASS">
          <params>
            <param index="0">
              <value>
                <![CDATA[public void TestScript.AddWorkClassTC.addWorkClass() throws java.lang.InterruptedException]]>
              </value>
            </param>
          </params>
          <reporter-output>
          </reporter-output>
        </test-method> <!-- loginToApplication -->
        <test-method signature="addWorkClass()[pri:0, instance:TestScript.AddWorkClassTC@4686afc2]" started-at="2021-05-05T06:04:20 IST" name="addWorkClass" finished-at="2021-05-05T06:04:47 IST" duration-ms="27222" status="PASS">
          <reporter-output>
            <line>
              <![CDATA[<a href='\Wrap Portal-2\Screenshot\Add Work Class-05_05_2021_06_04_41.png'><img src='\Wrap Portal-2\Screenshot\Add Work Class-05_05_2021_06_04_41.png' height='100' width='100'/></a>]]>
            </line>
          </reporter-output>
        </test-method> <!-- addWorkClass -->
        <test-method is-config="true" signature="logoutFromApplication(org.testng.ITestResult)[pri:0, instance:TestScript.AddWorkClassTC@4686afc2]" started-at="2021-05-05T06:04:47 IST" name="logoutFromApplication" finished-at="2021-05-05T06:04:47 IST" duration-ms="1" status="PASS">
          <params>
            <param index="0">
              <value>
                <![CDATA[[TestResult name=addWorkClass status=SUCCESS method=AddWorkClassTC.addWorkClass()[pri:0, instance:TestScript.AddWorkClassTC@4686afc2] output=<a href='\Wrap Portal-2\Screenshot\Add Work Class-05_05_2021_06_04_41.png'><img src='\Wrap Portal-2\Screenshot\Add Work Class-05_05_2021_06_04_41.png' height='100' width='100'/></a>]]]>
              </value>
            </param>
          </params>
          <reporter-output>
          </reporter-output>
        </test-method> <!-- logoutFromApplication -->
        <test-method is-config="true" signature="closeBrowser()[pri:0, instance:TestScript.AddWorkClassTC@4686afc2]" started-at="2021-05-05T06:04:47 IST" name="closeBrowser" finished-at="2021-05-05T06:04:54 IST" duration-ms="6582" status="PASS">
          <reporter-output>
          </reporter-output>
        </test-method> <!-- closeBrowser -->
      </class> <!-- TestScript.AddWorkClassTC -->
      <class name="TestScript.AddCarrierTC">
        <test-method is-config="true" signature="launchBrowser(java.lang.String)[pri:0, instance:TestScript.AddCarrierTC@4d154ccd]" started-at="2021-05-05T06:02:21 IST" name="launchBrowser" finished-at="2021-05-05T06:02:38 IST" duration-ms="17615" status="PASS">
          <params>
            <param index="0">
              <value>
                <![CDATA[chrome]]>
              </value>
            </param>
          </params>
          <reporter-output>
          </reporter-output>
        </test-method> <!-- launchBrowser -->
        <test-method is-config="true" signature="loginToApplication(java.lang.reflect.Method)[pri:0, instance:TestScript.AddCarrierTC@4d154ccd]" started-at="2021-05-05T06:02:38 IST" name="loginToApplication" finished-at="2021-05-05T06:02:38 IST" duration-ms="1" status="PASS">
          <params>
            <param index="0">
              <value>
                <![CDATA[public void TestScript.AddCarrierTC.addCarrierTC() throws java.lang.Throwable]]>
              </value>
            </param>
          </params>
          <reporter-output>
          </reporter-output>
        </test-method> <!-- loginToApplication -->
        <test-method signature="addCarrierTC()[pri:0, instance:TestScript.AddCarrierTC@4d154ccd]" started-at="2021-05-05T06:02:38 IST" name="addCarrierTC" finished-at="2021-05-05T06:03:20 IST" duration-ms="41803" status="PASS">
          <reporter-output>
            <line>
              <![CDATA[<a href='\Wrap Portal-2\Screenshot\Add Carrier-05_05_2021_06_03_19.png'><img src='\Wrap Portal-2\Screenshot\Add Carrier-05_05_2021_06_03_19.png' height='100' width='100'/></a>]]>
            </line>
          </reporter-output>
        </test-method> <!-- addCarrierTC -->
        <test-method is-config="true" signature="logoutFromApplication(org.testng.ITestResult)[pri:0, instance:TestScript.AddCarrierTC@4d154ccd]" started-at="2021-05-05T06:03:20 IST" name="logoutFromApplication" finished-at="2021-05-05T06:03:20 IST" duration-ms="3" status="PASS">
          <params>
            <param index="0">
              <value>
                <![CDATA[[TestResult name=addCarrierTC status=SUCCESS method=AddCarrierTC.addCarrierTC()[pri:0, instance:TestScript.AddCarrierTC@4d154ccd] output=<a href='\Wrap Portal-2\Screenshot\Add Carrier-05_05_2021_06_03_19.png'><img src='\Wrap Portal-2\Screenshot\Add Carrier-05_05_2021_06_03_19.png' height='100' width='100'/></a>]]]>
              </value>
            </param>
          </params>
          <reporter-output>
          </reporter-output>
        </test-method> <!-- logoutFromApplication -->
        <test-method is-config="true" signature="closeBrowser()[pri:0, instance:TestScript.AddCarrierTC@4d154ccd]" started-at="2021-05-05T06:03:20 IST" name="closeBrowser" finished-at="2021-05-05T06:03:26 IST" duration-ms="5620" status="PASS">
          <reporter-output>
          </reporter-output>
        </test-method> <!-- closeBrowser -->
      </class> <!-- TestScript.AddCarrierTC -->
    </test> <!-- Wrap Portal -->
  </suite> <!-- Suite -->
</testng-results>
